<?xml version="1.0" encoding="UTF-8"?>
<beans xmlns="http://www.springframework.org/schema/beans"
	xmlns:tx="http://www.springframework.org/schema/tx"
	xmlns:xsi="http://www.w3.org/2001/XMLSchema-instance"
	xsi:schemaLocation="
   http://www.springframework.org/schema/beans
   http://www.springframework.org/schema/beans/spring-beans-3.0.xsd
   http://www.springframework.org/schema/tx
   http://www.springframework.org/schema/tx/spring-tx-3.0.xsd">

	<!-- pool de connexion -->
	<bean id="dataSource" class="org.apache.commons.dbcp.BasicDataSource" destroy-method="close">
	    <property name="driverClassName" value="org.apache.derby.jdbc.EmbeddedDriver"/>
	    <property name="url" value="jdbc:derby:target/testdb;create=true"/>
	    <property name="username" value=""/>
	    <property name="password" value=""/>
	</bean>
	
	<!-- factory bean pour la SessionFactory hibernate -->
	<bean id="sessionFactory" class="org.springframework.orm.hibernate3.annotation.AnnotationSessionFactoryBean">
		<property name="dataSource" ref="dataSource" />
		<property name="hibernateProperties">
			<bean
				class="org.springframework.beans.factory.config.PropertiesFactoryBean">
				<property name="properties">
					<props>
						<prop key="hibernate.dialect">org.hibernate.dialect.DerbyDialect</prop>
						<prop key="hibernate.connection.url">jdbc:derby:target/testdb;create=true</prop>
						<prop key="hibernate.connection.driver_class">org.apache.derby.jdbc.EmbeddedDriver</prop>
						<prop key="hibernate.hbm2ddl.auto">update</prop>
					</props>
				</property>
			</bean>
		</property>
		<property name="packagesToScan" value="fr.todooz.domain" />
	</bean>

	<!-- ajoute un gestionnaire de transactions lié à la sessionFactory -->
	<bean id="transactionManager" class="org.springframework.orm.hibernate3.HibernateTransactionManager">
		<property name="sessionFactory" ref="sessionFactory" />
	</bean>

	<!-- active le support des annotations @Transactional -->
	<tx:annotation-driven transaction-manager="transactionManager" />

    <bean id="entityManagerFactory" class="org.springframework.orm.jpa.LocalContainerEntityManagerFactoryBean">
        <property name="dataSource" ref="dataSource"/>
        <property name="persistenceXmlLocation" value="classpath:persistence.xml" />
    </bean>

    <!-- ajoute un gestionnaire de transactions lié à la entityManagerFactory -->
    <bean id="jpaTransactionManager" class="org.springframework.orm.jpa.JpaTransactionManager">
        <property name="entityManagerFactory" ref="entityManagerFactory" />
        <qualifier value="jpa" />
    </bean>

</beans>